<?xml version="1.0" encoding="UTF-8"?>
<testsuite name="com.services.data.MockTest" tests="1" skipped="0" failures="0" errors="0" timestamp="2019-12-19T09:36:08" hostname="DESKTOP-82JIJ25" time="0.303">
  <properties/>
  <testcase name="exampleTest" classname="com.services.data.MockTest" time="0.303"/>
  <system-out><![CDATA[?[33m2019-12-19 17:36:03?[0;39m ?[31m[Test worker]?[0;39m ?[34mINFO ?[0;39m ?[36mo.s.b.t.context.SpringBootTestContextBootstrapper?[0;39m - ?[35mNeither @ContextConfiguration nor @ContextHierarchy found for test class [com.services.data.MockTest], using SpringBootContextLoader?[0;39m 
?[33m2019-12-19 17:36:03?[0;39m ?[31m[Test worker]?[0;39m ?[34mINFO ?[0;39m ?[36mo.s.test.context.support.AbstractContextLoader?[0;39m - ?[35mCould not detect default resource locations for test class [com.services.data.MockTest]: no resource found for suffixes {-context.xml, Context.groovy}.?[0;39m 
?[33m2019-12-19 17:36:03?[0;39m ?[31m[Test worker]?[0;39m ?[34mINFO ?[0;39m ?[36mo.s.t.c.support.AnnotationConfigContextLoaderUtils?[0;39m - ?[35mCould not detect default configuration classes for test class [com.services.data.MockTest]: MockTest does not declare any static, non-private, non-final, nested classes annotated with @Configuration.?[0;39m 
?[33m2019-12-19 17:36:03?[0;39m ?[31m[Test worker]?[0;39m ?[34mINFO ?[0;39m ?[36mo.s.b.t.context.SpringBootTestContextBootstrapper?[0;39m - ?[35mFound @SpringBootConfiguration com.services.data.DataServiceApplication for test class com.services.data.MockTest?[0;39m 
?[33m2019-12-19 17:36:03?[0;39m ?[31m[Test worker]?[0;39m ?[34mINFO ?[0;39m ?[36mo.s.b.t.context.SpringBootTestContextBootstrapper?[0;39m - ?[35mLoaded default TestExecutionListener class names from location [META-INF/spring.factories]: [org.springframework.boot.test.autoconfigure.restdocs.RestDocsTestExecutionListener, org.springframework.boot.test.autoconfigure.web.client.MockRestServiceServerResetTestExecutionListener, org.springframework.boot.test.autoconfigure.web.servlet.MockMvcPrintOnlyOnFailureTestExecutionListener, org.springframework.boot.test.autoconfigure.web.servlet.WebDriverTestExecutionListener, org.springframework.boot.test.mock.mockito.MockitoTestExecutionListener, org.springframework.boot.test.mock.mockito.ResetMocksTestExecutionListener, org.springframework.test.context.web.ServletTestExecutionListener, org.springframework.test.context.support.DirtiesContextBeforeModesTestExecutionListener, org.springframework.test.context.support.DependencyInjectionTestExecutionListener, org.springframework.test.context.support.DirtiesContextTestExecutionListener, org.springframework.test.context.transaction.TransactionalTestExecutionListener, org.springframework.test.context.jdbc.SqlScriptsTestExecutionListener]?[0;39m 
?[33m2019-12-19 17:36:03?[0;39m ?[31m[Test worker]?[0;39m ?[34mINFO ?[0;39m ?[36mo.s.b.t.context.SpringBootTestContextBootstrapper?[0;39m - ?[35mUsing TestExecutionListeners: [org.springframework.test.context.web.ServletTestExecutionListener@62fda0c, org.springframework.test.context.support.DirtiesContextBeforeModesTestExecutionListener@3cc5c6ef, org.springframework.boot.test.mock.mockito.MockitoTestExecutionListener@5a9edd8d, org.springframework.boot.test.autoconfigure.SpringBootDependencyInjectionTestExecutionListener@6a9060f3, org.springframework.test.context.support.DirtiesContextTestExecutionListener@12172817, org.springframework.test.context.transaction.TransactionalTestExecutionListener@776604, org.springframework.test.context.jdbc.SqlScriptsTestExecutionListener@2c29b132, org.springframework.boot.test.autoconfigure.restdocs.RestDocsTestExecutionListener@4557cbbc, org.springframework.boot.test.autoconfigure.web.client.MockRestServiceServerResetTestExecutionListener@6eab0491, org.springframework.boot.test.autoconfigure.web.servlet.MockMvcPrintOnlyOnFailureTestExecutionListener@55d71806, org.springframework.boot.test.autoconfigure.web.servlet.WebDriverTestExecutionListener@349683af, org.springframework.boot.test.mock.mockito.ResetMocksTestExecutionListener@4f67a4aa]?[0;39m 
?[33m2019-12-19 17:36:04?[0;39m ?[31m[Test worker]?[0;39m ?[34mINFO ?[0;39m ?[36mo.s.c.s.PostProcessorRegistrationDelegate$BeanPostProcessorChecker?[0;39m - ?[35mBean 'org.springframework.cloud.autoconfigure.ConfigurationPropertiesRebinderAutoConfiguration' of type [org.springframework.cloud.autoconfigure.ConfigurationPropertiesRebinderAutoConfiguration$$EnhancerBySpringCGLIB$$45823e1c] is not eligible for getting processed by all BeanPostProcessors (for example: not eligible for auto-proxying)?[0;39m 

  .   ____          _            __ _ _
 /\\ / ___'_ __ _ _(_)_ __  __ _ \ \ \ \
( ( )\___ | '_ | '_| | '_ \/ _` | \ \ \ \
 \\/  ___)| |_)| | | | | || (_| |  ) ) ) )
  '  |____| .__|_| |_|_| |_\__, | / / / /
 =========|_|==============|___/=/_/_/_/
 :: Spring Boot ::        (v2.1.8.RELEASE)

?[33m2019-12-19 17:36:04?[0;39m ?[31m[Test worker]?[0;39m ?[34mINFO ?[0;39m ?[36mcom.services.data.MockTest?[0;39m - ?[35mNo active profile set, falling back to default profiles: default?[0;39m 
?[33m2019-12-19 17:36:05?[0;39m ?[31m[Test worker]?[0;39m ?[31mWARN ?[0;39m ?[36morg.mybatis.spring.mapper.ClassPathMapperScanner?[0;39m - ?[35mSkipping MapperFactoryBean with name 'BLegalPersonMapper' and 'com.services.data.mapper.BLegalPersonMapper' mapperInterface. Bean already defined with the same name!?[0;39m 
?[33m2019-12-19 17:36:05?[0;39m ?[31m[Test worker]?[0;39m ?[31mWARN ?[0;39m ?[36morg.mybatis.spring.mapper.ClassPathMapperScanner?[0;39m - ?[35mSkipping MapperFactoryBean with name 'BWifiInfoMapper' and 'com.services.data.mapper.BWifiInfoMapper' mapperInterface. Bean already defined with the same name!?[0;39m 
?[33m2019-12-19 17:36:05?[0;39m ?[31m[Test worker]?[0;39m ?[31mWARN ?[0;39m ?[36morg.mybatis.spring.mapper.ClassPathMapperScanner?[0;39m - ?[35mSkipping MapperFactoryBean with name 'legalPersonMapper' and 'com.services.data.mapper.LegalPersonMapper' mapperInterface. Bean already defined with the same name!?[0;39m 
?[33m2019-12-19 17:36:05?[0;39m ?[31m[Test worker]?[0;39m ?[31mWARN ?[0;39m ?[36morg.mybatis.spring.mapper.ClassPathMapperScanner?[0;39m - ?[35mSkipping MapperFactoryBean with name 'wifiInfoMapper' and 'com.services.data.mapper.WifiInfoMapper' mapperInterface. Bean already defined with the same name!?[0;39m 
?[33m2019-12-19 17:36:05?[0;39m ?[31m[Test worker]?[0;39m ?[31mWARN ?[0;39m ?[36morg.mybatis.spring.mapper.ClassPathMapperScanner?[0;39m - ?[35mNo MyBatis mapper was found in '[com.services.data.mapper]' package. Please check your configuration.?[0;39m 
?[33m2019-12-19 17:36:05?[0;39m ?[31m[Test worker]?[0;39m ?[34mINFO ?[0;39m ?[36mo.springframework.cloud.context.scope.GenericScope?[0;39m - ?[35mBeanFactory id=4648034d-2c46-32e5-9594-9c0830cf154a?[0;39m 
?[33m2019-12-19 17:36:05?[0;39m ?[31m[Test worker]?[0;39m ?[34mINFO ?[0;39m ?[36mo.s.c.s.PostProcessorRegistrationDelegate$BeanPostProcessorChecker?[0;39m - ?[35mBean 'org.springframework.transaction.annotation.ProxyTransactionManagementConfiguration' of type [org.springframework.transaction.annotation.ProxyTransactionManagementConfiguration$$EnhancerBySpringCGLIB$$29683b1f] is not eligible for getting processed by all BeanPostProcessors (for example: not eligible for auto-proxying)?[0;39m 
?[33m2019-12-19 17:36:05?[0;39m ?[31m[Test worker]?[0;39m ?[34mINFO ?[0;39m ?[36mo.s.c.s.PostProcessorRegistrationDelegate$BeanPostProcessorChecker?[0;39m - ?[35mBean 'org.springframework.cloud.autoconfigure.ConfigurationPropertiesRebinderAutoConfiguration' of type [org.springframework.cloud.autoconfigure.ConfigurationPropertiesRebinderAutoConfiguration$$EnhancerBySpringCGLIB$$45823e1c] is not eligible for getting processed by all BeanPostProcessors (for example: not eligible for auto-proxying)?[0;39m 
?[33m2019-12-19 17:36:05?[0;39m ?[31m[Test worker]?[0;39m ?[34mINFO ?[0;39m ?[36mc.r.vesta.service.factory.IdServiceFactoryBean?[0;39m - ?[35mConstruct Property IdService machineId 1021?[0;39m 
?[33m2019-12-19 17:36:05?[0;39m ?[31m[Test worker]?[0;39m ?[34mINFO ?[0;39m ?[36mcom.robert.vesta.service.impl.timer.SimpleTimer?[0;39m - ?[35mThe current time bit length is 40, the expiration date is Sun Nov 03 19:53:47 CST 2052, this can be used for 12008 days.?[0;39m 
?[33m2019-12-19 17:36:05?[0;39m ?[31m[Test worker]?[0;39m ?[34mINFO ?[0;39m ?[36mcom.robert.vesta.service.impl.IdServiceImpl?[0;39m - ?[35mThe default LockIdPopulator is used.?[0;39m 
?[33m2019-12-19 17:36:05?[0;39m ?[31m[Test worker]?[0;39m ?[34mINFO ?[0;39m ?[36mc.r.vesta.service.factory.IdServiceFactoryBean?[0;39m - ?[35mConstruct Property IdService machineId 1021?[0;39m 
?[33m2019-12-19 17:36:05?[0;39m ?[31m[Test worker]?[0;39m ?[34mINFO ?[0;39m ?[36mcom.robert.vesta.service.impl.timer.SimpleTimer?[0;39m - ?[35mThe current time bit length is 40, the expiration date is Sun Nov 03 19:53:47 CST 2052, this can be used for 12008 days.?[0;39m 
?[33m2019-12-19 17:36:05?[0;39m ?[31m[Test worker]?[0;39m ?[34mINFO ?[0;39m ?[36mcom.robert.vesta.service.impl.IdServiceImpl?[0;39m - ?[35mThe default LockIdPopulator is used.?[0;39m 
 _ _   |_  _ _|_. ___ _ |    _ 
| | |\/|_)(_| | |_\  |_)||_|_\ 
     /               |         
                        3.2.0 
?[33m2019-12-19 17:36:06?[0;39m ?[31m[Test worker]?[0;39m ?[34mINFO ?[0;39m ?[36mc.r.vesta.service.factory.IdServiceFactoryBean?[0;39m - ?[35mConstruct Property IdService machineId 1021?[0;39m 
?[33m2019-12-19 17:36:06?[0;39m ?[31m[Test worker]?[0;39m ?[34mINFO ?[0;39m ?[36mcom.robert.vesta.service.impl.timer.SimpleTimer?[0;39m - ?[35mThe current time bit length is 40, the expiration date is Sun Nov 03 19:53:47 CST 2052, this can be used for 12008 days.?[0;39m 
?[33m2019-12-19 17:36:06?[0;39m ?[31m[Test worker]?[0;39m ?[34mINFO ?[0;39m ?[36mcom.robert.vesta.service.impl.IdServiceImpl?[0;39m - ?[35mThe default LockIdPopulator is used.?[0;39m 
?[33m2019-12-19 17:36:06?[0;39m ?[31m[Test worker]?[0;39m ?[31mWARN ?[0;39m ?[36mcom.netflix.config.sources.URLConfigurationSource?[0;39m - ?[35mNo URLs will be polled as dynamic configuration sources.?[0;39m 
?[33m2019-12-19 17:36:06?[0;39m ?[31m[Test worker]?[0;39m ?[34mINFO ?[0;39m ?[36mcom.netflix.config.sources.URLConfigurationSource?[0;39m - ?[35mTo enable URLs as dynamic configuration sources, define System property archaius.configurationSource.additionalUrls or make config.properties available on classpath.?[0;39m 
?[33m2019-12-19 17:36:06?[0;39m ?[31m[Test worker]?[0;39m ?[31mWARN ?[0;39m ?[36mcom.netflix.config.sources.URLConfigurationSource?[0;39m - ?[35mNo URLs will be polled as dynamic configuration sources.?[0;39m 
?[33m2019-12-19 17:36:06?[0;39m ?[31m[Test worker]?[0;39m ?[34mINFO ?[0;39m ?[36mcom.netflix.config.sources.URLConfigurationSource?[0;39m - ?[35mTo enable URLs as dynamic configuration sources, define System property archaius.configurationSource.additionalUrls or make config.properties available on classpath.?[0;39m 
?[33m2019-12-19 17:36:06?[0;39m ?[31m[Test worker]?[0;39m ?[34mINFO ?[0;39m ?[36mo.s.scheduling.concurrent.ThreadPoolTaskExecutor?[0;39m - ?[35mInitializing ExecutorService 'applicationTaskExecutor'?[0;39m 
?[33m2019-12-19 17:36:06?[0;39m ?[31m[Test worker]?[0;39m ?[34mINFO ?[0;39m ?[36mo.s.b.a.web.servlet.WelcomePageHandlerMapping?[0;39m - ?[35mAdding welcome page: class path resource [templates/index.html]?[0;39m 
?[33m2019-12-19 17:36:07?[0;39m ?[31m[Test worker]?[0;39m ?[31mWARN ?[0;39m ?[36morg.thymeleaf.templatemode.TemplateMode?[0;39m - ?[35m[THYMELEAF][Test worker] Template Mode 'HTML5' is deprecated. Using Template Mode 'HTML' instead.?[0;39m 
Logging initialized using 'class org.apache.ibatis.logging.stdout.StdOutImpl' adapter.
?[33m2019-12-19 17:36:07?[0;39m ?[31m[Test worker]?[0;39m ?[34mINFO ?[0;39m ?[36mo.s.scheduling.concurrent.ThreadPoolTaskScheduler?[0;39m - ?[35mInitializing ExecutorService 'taskScheduler'?[0;39m 
?[33m2019-12-19 17:36:08?[0;39m ?[31m[Test worker]?[0;39m ?[34mINFO ?[0;39m ?[36mcom.services.data.MockTest?[0;39m - ?[35mStarted MockTest in 5.141 seconds (JVM running for 6.162)?[0;39m 
?[33m2019-12-19 17:36:08?[0;39m ?[31m[Test worker]?[0;39m ?[34mINFO ?[0;39m ?[36mcom.zaxxer.hikari.HikariDataSource?[0;39m - ?[35mHikariPool-1 - Starting...?[0;39m 
?[33m2019-12-19 17:36:08?[0;39m ?[31m[Test worker]?[0;39m ?[34mINFO ?[0;39m ?[36mcom.zaxxer.hikari.HikariDataSource?[0;39m - ?[35mHikariPool-1 - Start completed.?[0;39m 
JDBC Connection [HikariProxyConnection@499252887 wrapping org.mariadb.jdbc.MariaDbConnection@5d47b9] will be managed by Spring
]]></system-out>
  <system-err><![CDATA[]]></system-err>
</testsuite>
